<?xml version="1.0" encoding="UTF-8"?>
<!-- Generated by org.testng.reporters.JUnitXMLReporter -->
<testsuite ignored="0" hostname="DESKTOP-H972F70" failures="0" tests="2" name="LoginTest" time="4.964" errors="0" timestamp="03 Jul 2022 12:05:03 GMT">
  <testcase classname="com.jtaf.qa.base.BaseTest" name="@BeforeMethod setUpTest" time="3.336">
    <failure type="org.openqa.selenium.SessionNotCreatedException" message="session not created: This version of ChromeDriver only supports Chrome version 89
Current browser version is 103.0.5060.66 with binary path C:\Program Files\Google\Chrome\Application\chrome.exe
Build info: version: &amp;apos;3.141.59&amp;apos;, revision: &amp;apos;e82be7d358&amp;apos;, time: &amp;apos;2018-11-14T08:17:03&amp;apos;
System info: host: &amp;apos;DESKTOP-H972F70&amp;apos;, ip: &amp;apos;192.168.1.6&amp;apos;, os.name: &amp;apos;Windows 10&amp;apos;, os.arch: &amp;apos;amd64&amp;apos;, os.version: &amp;apos;10.0&amp;apos;, java.version: &amp;apos;16.0.1&amp;apos;
Driver info: driver.version: ChromeDriver
remote stacktrace: Backtrace:
	Ordinal0 [0x003BE7D3+124883]
	Ordinal0 [0x003BE7B1+124849]
	GetHandleVerifier [0x00608688+193832]
	GetHandleVerifier [0x00623AC5+305509]
	GetHandleVerifier [0x0062021B+291003]
	GetHandleVerifier [0x0061E0AC+282444]
	GetHandleVerifier [0x00644A90+440624]
	GetHandleVerifier [0x006447FC+439964]
	GetHandleVerifier [0x0064154B+426987]
	GetHandleVerifier [0x00624FFD+310941]
	GetHandleVerifier [0x00625D8E+314414]
	GetHandleVerifier [0x00625D19+314297]
	GetHandleVerifier [0x006E31EC+1089676]
	GetHandleVerifier [0x006E17C9+1082985]
	GetHandleVerifier [0x006E13A3+1081923]
	GetHandleVerifier [0x007DD9FD+2115741]
	Ordinal0 [0x0050B82E+1488942]
	Ordinal0 [0x004A5A7D+1071741]
	Ordinal0 [0x004A559B+1070491]
	Ordinal0 [0x004A54B1+1070257]
	Ordinal0 [0x004DFF53+1310547]
	BaseThreadInitThunk [0x75B6FA29+25]
	RtlGetAppContainerNamedObjectPath [0x77AA7A9E+286]
	RtlGetAppContainerNamedObjectPath [0x77AA7A6E+238]
">
      <![CDATA[org.openqa.selenium.SessionNotCreatedException: session not created: This version of ChromeDriver only supports Chrome version 89
Current browser version is 103.0.5060.66 with binary path C:\Program Files\Google\Chrome\Application\chrome.exe
Build info: version: '3.141.59', revision: 'e82be7d358', time: '2018-11-14T08:17:03'
System info: host: 'DESKTOP-H972F70', ip: '192.168.1.6', os.name: 'Windows 10', os.arch: 'amd64', os.version: '10.0', java.version: '16.0.1'
Driver info: driver.version: ChromeDriver
remote stacktrace: Backtrace:
Ordinal0 [0x003BE7D3+124883]
Ordinal0 [0x003BE7B1+124849]
GetHandleVerifier [0x00608688+193832]
GetHandleVerifier [0x00623AC5+305509]
GetHandleVerifier [0x0062021B+291003]
GetHandleVerifier [0x0061E0AC+282444]
GetHandleVerifier [0x00644A90+440624]
GetHandleVerifier [0x006447FC+439964]
GetHandleVerifier [0x0064154B+426987]
GetHandleVerifier [0x00624FFD+310941]
GetHandleVerifier [0x00625D8E+314414]
GetHandleVerifier [0x00625D19+314297]
GetHandleVerifier [0x006E31EC+1089676]
GetHandleVerifier [0x006E17C9+1082985]
GetHandleVerifier [0x006E13A3+1081923]
GetHandleVerifier [0x007DD9FD+2115741]
Ordinal0 [0x0050B82E+1488942]
Ordinal0 [0x004A5A7D+1071741]
Ordinal0 [0x004A559B+1070491]
Ordinal0 [0x004A54B1+1070257]
Ordinal0 [0x004DFF53+1310547]
BaseThreadInitThunk [0x75B6FA29+25]
RtlGetAppContainerNamedObjectPath [0x77AA7A9E+286]
RtlGetAppContainerNamedObjectPath [0x77AA7A6E+238]

at org.openqa.selenium.remote.W3CHandshakeResponse.lambda$errorHandler$0(W3CHandshakeResponse.java:62)
at org.openqa.selenium.remote.HandshakeResponse.lambda$getResponseFunction$0(HandshakeResponse.java:30)
at org.openqa.selenium.remote.ProtocolHandshake.lambda$createSession$0(ProtocolHandshake.java:126)
at java.base/java.util.stream.ReferencePipeline$3$1.accept(ReferencePipeline.java:197)
at java.base/java.util.Spliterators$ArraySpliterator.tryAdvance(Spliterators.java:958)
at java.base/java.util.stream.ReferencePipeline.forEachWithCancel(ReferencePipeline.java:129)
at java.base/java.util.stream.AbstractPipeline.copyIntoWithCancel(AbstractPipeline.java:502)
at java.base/java.util.stream.AbstractPipeline.copyInto(AbstractPipeline.java:488)
at java.base/java.util.stream.AbstractPipeline.wrapAndCopyInto(AbstractPipeline.java:474)
at java.base/java.util.stream.FindOps$FindOp.evaluateSequential(FindOps.java:150)
at java.base/java.util.stream.AbstractPipeline.evaluate(AbstractPipeline.java:234)
at java.base/java.util.stream.ReferencePipeline.findFirst(ReferencePipeline.java:647)
at org.openqa.selenium.remote.ProtocolHandshake.createSession(ProtocolHandshake.java:128)
at org.openqa.selenium.remote.ProtocolHandshake.createSession(ProtocolHandshake.java:74)
at org.openqa.selenium.remote.HttpCommandExecutor.execute(HttpCommandExecutor.java:136)
at org.openqa.selenium.remote.service.DriverCommandExecutor.execute(DriverCommandExecutor.java:83)
at org.openqa.selenium.remote.RemoteWebDriver.execute(RemoteWebDriver.java:552)
at org.openqa.selenium.remote.RemoteWebDriver.startSession(RemoteWebDriver.java:213)
at org.openqa.selenium.remote.RemoteWebDriver.<init>(RemoteWebDriver.java:131)
at org.openqa.selenium.chrome.ChromeDriver.<init>(ChromeDriver.java:181)
at org.openqa.selenium.chrome.ChromeDriver.<init>(ChromeDriver.java:168)
at org.openqa.selenium.chrome.ChromeDriver.<init>(ChromeDriver.java:123)
at com.jtaf.qa.base.BaseTest.setUpTest(BaseTest.java:48)
... Removed 33 stack frames]]>
    </failure>
  </testcase> <!-- @BeforeMethod setUpTest -->
  <testcase classname="com.jtaf.qa.base.BaseTest" name="@AfterMethod tearDown" time="0.0">
    <skipped/>
  </testcase> <!-- @AfterMethod tearDown -->
  <testcase classname="com.jtaf.qa.base.BaseTest" name="@BeforeMethod setUpTest" time="0.0">
    <skipped/>
  </testcase> <!-- @BeforeMethod setUpTest -->
  <testcase classname="com.jtaf.qa.base.BaseTest" name="@AfterMethod tearDown" time="0.0">
    <skipped/>
  </testcase> <!-- @AfterMethod tearDown -->
  <testcase classname="com.jtaf.qa.test.LoginPageTest" name="verifyLoginTest" time="0.0">
    <skipped/>
  </testcase> <!-- verifyLoginTest -->
  <testcase classname="com.jtaf.qa.test.LoginPageTest" name="verifyLoginTestUsingExcelData" time="0.0">
    <skipped/>
  </testcase> <!-- verifyLoginTestUsingExcelData -->
</testsuite> <!-- LoginTest -->
