<!DOCTYPE html PUBLIC "-//W3C//DTD XHTML 1.1//EN" "http://www.w3.org/TR/xhtml11/DTD/xhtml11.dtd">
<html xmlns="http://www.w3.org/1999/xhtml">
<head>
<meta http-equiv="content-type" content="text/html; charset=UTF-8"/>
<title>TestNG Report</title>
<style type="text/css">table {margin-bottom:10px;border-collapse:collapse;empty-cells:show}th,td {border:1px solid #009;padding:.25em .5em}th {vertical-align:bottom}td {vertical-align:top}table a {font-weight:bold}.stripe td {background-color: #E6EBF9}.num {text-align:right}.passedodd td {background-color: #3F3}.passedeven td {background-color: #0A0}.skippedodd td {background-color: #DDD}.skippedeven td {background-color: #CCC}.failedodd td,.attn {background-color: #F33}.failedeven td,.stripe .attn {background-color: #D00}.stacktrace {white-space:pre;font-family:monospace}.totop {font-size:85%;text-align:center;border-bottom:2px solid #000}.invisible {display:none}</style>
</head>
<body>
<table>
<tr><th>Test</th><th># Passed</th><th># Skipped</th><th># Failed</th><th>Time (ms)</th><th>Included Groups</th><th>Excluded Groups</th></tr>
<tr><th colspan="7">testNGSuite</th></tr>
<tr><td><a href="#t0">LoginTest</a></td><td class="num">0</td><td class="num attn">2</td><td class="num">0</td><td class="num">4,964</td><td></td><td></td></tr>
</table>
<table id='summary'><thead><tr><th>Class</th><th>Method</th><th>Start</th><th>Time (ms)</th></tr></thead><tbody><tr><th colspan="4">testNGSuite</th></tr></tbody><tbody id="t0"><tr><th colspan="4">LoginTest &#8212; failed (configuration methods)</th></tr><tr class="failedeven"><td rowspan="2">com.jtaf.qa.test.LoginPageTest</td><td><a href="#m0">exit</a></td><td rowspan="1">1656849903736</td><td rowspan="1">1</td></tr><tr class="failedeven"><td><a href="#m1">setUpTest</a></td><td rowspan="1">1656849898346</td><td rowspan="1">3336</td></tr><tr><th colspan="4">LoginTest &#8212; skipped (configuration methods)</th></tr><tr class="skippedeven"><td rowspan="3">com.jtaf.qa.test.LoginPageTest</td><td><a href="#m2">setUpTest</a></td><td rowspan="1">1656849902984</td><td rowspan="1">0</td></tr><tr class="skippedeven"><td><a href="#m3">tearDown</a></td><td rowspan="2">1656849901745</td><td rowspan="2">0</td></tr><tr class="skippedeven"><td><a href="#m4">tearDown</a></td></tr><tr><th colspan="4">LoginTest &#8212; skipped</th></tr><tr class="skippedeven"><td rowspan="2">com.jtaf.qa.test.LoginPageTest</td><td><a href="#m5">verifyLoginTest</a></td><td rowspan="1">1656849901714</td><td rowspan="1">0</td></tr><tr class="skippedeven"><td><a href="#m6">verifyLoginTestUsingExcelData</a></td><td rowspan="1">1656849902987</td><td rowspan="1">0</td></tr></tbody>
</table>
<h2>LoginTest</h2><h3 id="m0">com.jtaf.qa.test.LoginPageTest#exit</h3><table class="result"><tr><th>Exception</th></tr><tr><td><div class="stacktrace">java.lang.NullPointerException: Cannot invoke &quot;org.openqa.selenium.WebDriver.quit()&quot; because &quot;com.jtaf.qa.base.BaseTest.driver&quot; is null
	at com.jtaf.qa.base.BaseTest.exit(BaseTest.java:73)
... Removed 20 stack frames</div></td></tr></table><p class="totop"><a href="#summary">back to summary</a></p>
<h3 id="m1">com.jtaf.qa.test.LoginPageTest#setUpTest</h3><table class="result"><tr class="param"><th>Parameter #1</th></tr><tr class="param stripe"><td>chrome</td></tr><tr><th>Exception</th></tr><tr><td><div class="stacktrace">org.openqa.selenium.SessionNotCreatedException: session not created: This version of ChromeDriver only supports Chrome version 89
Current browser version is 103.0.5060.66 with binary path C:\Program Files\Google\Chrome\Application\chrome.exe
Build info: version: &apos;3.141.59&apos;, revision: &apos;e82be7d358&apos;, time: &apos;2018-11-14T08:17:03&apos;
System info: host: &apos;DESKTOP-H972F70&apos;, ip: &apos;192.168.1.6&apos;, os.name: &apos;Windows 10&apos;, os.arch: &apos;amd64&apos;, os.version: &apos;10.0&apos;, java.version: &apos;16.0.1&apos;
Driver info: driver.version: ChromeDriver
remote stacktrace: Backtrace:
	Ordinal0 [0x003BE7D3+124883]
	Ordinal0 [0x003BE7B1+124849]
	GetHandleVerifier [0x00608688+193832]
	GetHandleVerifier [0x00623AC5+305509]
	GetHandleVerifier [0x0062021B+291003]
	GetHandleVerifier [0x0061E0AC+282444]
	GetHandleVerifier [0x00644A90+440624]
	GetHandleVerifier [0x006447FC+439964]
	GetHandleVerifier [0x0064154B+426987]
	GetHandleVerifier [0x00624FFD+310941]
	GetHandleVerifier [0x00625D8E+314414]
	GetHandleVerifier [0x00625D19+314297]
	GetHandleVerifier [0x006E31EC+1089676]
	GetHandleVerifier [0x006E17C9+1082985]
	GetHandleVerifier [0x006E13A3+1081923]
	GetHandleVerifier [0x007DD9FD+2115741]
	Ordinal0 [0x0050B82E+1488942]
	Ordinal0 [0x004A5A7D+1071741]
	Ordinal0 [0x004A559B+1070491]
	Ordinal0 [0x004A54B1+1070257]
	Ordinal0 [0x004DFF53+1310547]
	BaseThreadInitThunk [0x75B6FA29+25]
	RtlGetAppContainerNamedObjectPath [0x77AA7A9E+286]
	RtlGetAppContainerNamedObjectPath [0x77AA7A6E+238]

	at org.openqa.selenium.remote.W3CHandshakeResponse.lambda$errorHandler$0(W3CHandshakeResponse.java:62)
	at org.openqa.selenium.remote.HandshakeResponse.lambda$getResponseFunction$0(HandshakeResponse.java:30)
	at org.openqa.selenium.remote.ProtocolHandshake.lambda$createSession$0(ProtocolHandshake.java:126)
	at java.base/java.util.stream.ReferencePipeline$3$1.accept(ReferencePipeline.java:197)
	at java.base/java.util.Spliterators$ArraySpliterator.tryAdvance(Spliterators.java:958)
	at java.base/java.util.stream.ReferencePipeline.forEachWithCancel(ReferencePipeline.java:129)
	at java.base/java.util.stream.AbstractPipeline.copyIntoWithCancel(AbstractPipeline.java:502)
	at java.base/java.util.stream.AbstractPipeline.copyInto(AbstractPipeline.java:488)
	at java.base/java.util.stream.AbstractPipeline.wrapAndCopyInto(AbstractPipeline.java:474)
	at java.base/java.util.stream.FindOps$FindOp.evaluateSequential(FindOps.java:150)
	at java.base/java.util.stream.AbstractPipeline.evaluate(AbstractPipeline.java:234)
	at java.base/java.util.stream.ReferencePipeline.findFirst(ReferencePipeline.java:647)
	at org.openqa.selenium.remote.ProtocolHandshake.createSession(ProtocolHandshake.java:128)
	at org.openqa.selenium.remote.ProtocolHandshake.createSession(ProtocolHandshake.java:74)
	at org.openqa.selenium.remote.HttpCommandExecutor.execute(HttpCommandExecutor.java:136)
	at org.openqa.selenium.remote.service.DriverCommandExecutor.execute(DriverCommandExecutor.java:83)
	at org.openqa.selenium.remote.RemoteWebDriver.execute(RemoteWebDriver.java:552)
	at org.openqa.selenium.remote.RemoteWebDriver.startSession(RemoteWebDriver.java:213)
	at org.openqa.selenium.remote.RemoteWebDriver.&lt;init&gt;(RemoteWebDriver.java:131)
	at org.openqa.selenium.chrome.ChromeDriver.&lt;init&gt;(ChromeDriver.java:181)
	at org.openqa.selenium.chrome.ChromeDriver.&lt;init&gt;(ChromeDriver.java:168)
	at org.openqa.selenium.chrome.ChromeDriver.&lt;init&gt;(ChromeDriver.java:123)
	at com.jtaf.qa.base.BaseTest.setUpTest(BaseTest.java:48)
... Removed 33 stack frames</div></td></tr></table><p class="totop"><a href="#summary">back to summary</a></p>
<h3 id="m2">com.jtaf.qa.test.LoginPageTest#setUpTest</h3><table class="result"><tr><th class="invisible"/></tr></table><p class="totop"><a href="#summary">back to summary</a></p>
<h3 id="m3">com.jtaf.qa.test.LoginPageTest#tearDown</h3><table class="result"><tr><th class="invisible"/></tr></table><p class="totop"><a href="#summary">back to summary</a></p>
<h3 id="m4">com.jtaf.qa.test.LoginPageTest#tearDown</h3><table class="result"><tr><th class="invisible"/></tr></table><p class="totop"><a href="#summary">back to summary</a></p>
<h3 id="m5">com.jtaf.qa.test.LoginPageTest#verifyLoginTest</h3><table class="result"><tr><th>Messages</th></tr><tr><td><div class="messages">verifyLoginTest test skipped org.openqa.selenium.SessionNotCreatedException: session not created: This version of ChromeDriver only supports Chrome version 89
Current browser version is 103.0.5060.66 with binary path C:\Program Files\Google\Chrome\Application\chrome.exe
Build info: version: '3.141.59', revision: 'e82be7d358', time: '2018-11-14T08:17:03'
System info: host: 'DESKTOP-H972F70', ip: '192.168.1.6', os.name: 'Windows 10', os.arch: 'amd64', os.version: '10.0', java.version: '16.0.1'
Driver info: driver.version: ChromeDriver
remote stacktrace: Backtrace:
	Ordinal0 [0x003BE7D3+124883]
	Ordinal0 [0x003BE7B1+124849]
	GetHandleVerifier [0x00608688+193832]
	GetHandleVerifier [0x00623AC5+305509]
	GetHandleVerifier [0x0062021B+291003]
	GetHandleVerifier [0x0061E0AC+282444]
	GetHandleVerifier [0x00644A90+440624]
	GetHandleVerifier [0x006447FC+439964]
	GetHandleVerifier [0x0064154B+426987]
	GetHandleVerifier [0x00624FFD+310941]
	GetHandleVerifier [0x00625D8E+314414]
	GetHandleVerifier [0x00625D19+314297]
	GetHandleVerifier [0x006E31EC+1089676]
	GetHandleVerifier [0x006E17C9+1082985]
	GetHandleVerifier [0x006E13A3+1081923]
	GetHandleVerifier [0x007DD9FD+2115741]
	Ordinal0 [0x0050B82E+1488942]
	Ordinal0 [0x004A5A7D+1071741]
	Ordinal0 [0x004A559B+1070491]
	Ordinal0 [0x004A54B1+1070257]
	Ordinal0 [0x004DFF53+1310547]
	BaseThreadInitThunk [0x75B6FA29+25]
	RtlGetAppContainerNamedObjectPath [0x77AA7A9E+286]
	RtlGetAppContainerNamedObjectPath [0x77AA7A6E+238]
</div></td></tr><tr><th>Exception</th></tr><tr><td><div class="stacktrace">org.openqa.selenium.SessionNotCreatedException: session not created: This version of ChromeDriver only supports Chrome version 89
Current browser version is 103.0.5060.66 with binary path C:\Program Files\Google\Chrome\Application\chrome.exe
Build info: version: &apos;3.141.59&apos;, revision: &apos;e82be7d358&apos;, time: &apos;2018-11-14T08:17:03&apos;
System info: host: &apos;DESKTOP-H972F70&apos;, ip: &apos;192.168.1.6&apos;, os.name: &apos;Windows 10&apos;, os.arch: &apos;amd64&apos;, os.version: &apos;10.0&apos;, java.version: &apos;16.0.1&apos;
Driver info: driver.version: ChromeDriver
remote stacktrace: Backtrace:
	Ordinal0 [0x003BE7D3+124883]
	Ordinal0 [0x003BE7B1+124849]
	GetHandleVerifier [0x00608688+193832]
	GetHandleVerifier [0x00623AC5+305509]
	GetHandleVerifier [0x0062021B+291003]
	GetHandleVerifier [0x0061E0AC+282444]
	GetHandleVerifier [0x00644A90+440624]
	GetHandleVerifier [0x006447FC+439964]
	GetHandleVerifier [0x0064154B+426987]
	GetHandleVerifier [0x00624FFD+310941]
	GetHandleVerifier [0x00625D8E+314414]
	GetHandleVerifier [0x00625D19+314297]
	GetHandleVerifier [0x006E31EC+1089676]
	GetHandleVerifier [0x006E17C9+1082985]
	GetHandleVerifier [0x006E13A3+1081923]
	GetHandleVerifier [0x007DD9FD+2115741]
	Ordinal0 [0x0050B82E+1488942]
	Ordinal0 [0x004A5A7D+1071741]
	Ordinal0 [0x004A559B+1070491]
	Ordinal0 [0x004A54B1+1070257]
	Ordinal0 [0x004DFF53+1310547]
	BaseThreadInitThunk [0x75B6FA29+25]
	RtlGetAppContainerNamedObjectPath [0x77AA7A9E+286]
	RtlGetAppContainerNamedObjectPath [0x77AA7A6E+238]

	at org.openqa.selenium.remote.W3CHandshakeResponse.lambda$errorHandler$0(W3CHandshakeResponse.java:62)
	at org.openqa.selenium.remote.HandshakeResponse.lambda$getResponseFunction$0(HandshakeResponse.java:30)
	at org.openqa.selenium.remote.ProtocolHandshake.lambda$createSession$0(ProtocolHandshake.java:126)
	at java.base/java.util.stream.ReferencePipeline$3$1.accept(ReferencePipeline.java:197)
	at java.base/java.util.Spliterators$ArraySpliterator.tryAdvance(Spliterators.java:958)
	at java.base/java.util.stream.ReferencePipeline.forEachWithCancel(ReferencePipeline.java:129)
	at java.base/java.util.stream.AbstractPipeline.copyIntoWithCancel(AbstractPipeline.java:502)
	at java.base/java.util.stream.AbstractPipeline.copyInto(AbstractPipeline.java:488)
	at java.base/java.util.stream.AbstractPipeline.wrapAndCopyInto(AbstractPipeline.java:474)
	at java.base/java.util.stream.FindOps$FindOp.evaluateSequential(FindOps.java:150)
	at java.base/java.util.stream.AbstractPipeline.evaluate(AbstractPipeline.java:234)
	at java.base/java.util.stream.ReferencePipeline.findFirst(ReferencePipeline.java:647)
	at org.openqa.selenium.remote.ProtocolHandshake.createSession(ProtocolHandshake.java:128)
	at org.openqa.selenium.remote.ProtocolHandshake.createSession(ProtocolHandshake.java:74)
	at org.openqa.selenium.remote.HttpCommandExecutor.execute(HttpCommandExecutor.java:136)
	at org.openqa.selenium.remote.service.DriverCommandExecutor.execute(DriverCommandExecutor.java:83)
	at org.openqa.selenium.remote.RemoteWebDriver.execute(RemoteWebDriver.java:552)
	at org.openqa.selenium.remote.RemoteWebDriver.startSession(RemoteWebDriver.java:213)
	at org.openqa.selenium.remote.RemoteWebDriver.&lt;init&gt;(RemoteWebDriver.java:131)
	at org.openqa.selenium.chrome.ChromeDriver.&lt;init&gt;(ChromeDriver.java:181)
	at org.openqa.selenium.chrome.ChromeDriver.&lt;init&gt;(ChromeDriver.java:168)
	at org.openqa.selenium.chrome.ChromeDriver.&lt;init&gt;(ChromeDriver.java:123)
	at com.jtaf.qa.base.BaseTest.setUpTest(BaseTest.java:48)
... Removed 33 stack frames</div></td></tr></table><p class="totop"><a href="#summary">back to summary</a></p>
<h3 id="m6">com.jtaf.qa.test.LoginPageTest#verifyLoginTestUsingExcelData</h3><table class="result"><tr><th>Messages</th></tr><tr><td><div class="messages">verifyLoginTestUsingExcelData test skipped org.openqa.selenium.SessionNotCreatedException: session not created: This version of ChromeDriver only supports Chrome version 89
Current browser version is 103.0.5060.66 with binary path C:\Program Files\Google\Chrome\Application\chrome.exe
Build info: version: '3.141.59', revision: 'e82be7d358', time: '2018-11-14T08:17:03'
System info: host: 'DESKTOP-H972F70', ip: '192.168.1.6', os.name: 'Windows 10', os.arch: 'amd64', os.version: '10.0', java.version: '16.0.1'
Driver info: driver.version: ChromeDriver
remote stacktrace: Backtrace:
	Ordinal0 [0x003BE7D3+124883]
	Ordinal0 [0x003BE7B1+124849]
	GetHandleVerifier [0x00608688+193832]
	GetHandleVerifier [0x00623AC5+305509]
	GetHandleVerifier [0x0062021B+291003]
	GetHandleVerifier [0x0061E0AC+282444]
	GetHandleVerifier [0x00644A90+440624]
	GetHandleVerifier [0x006447FC+439964]
	GetHandleVerifier [0x0064154B+426987]
	GetHandleVerifier [0x00624FFD+310941]
	GetHandleVerifier [0x00625D8E+314414]
	GetHandleVerifier [0x00625D19+314297]
	GetHandleVerifier [0x006E31EC+1089676]
	GetHandleVerifier [0x006E17C9+1082985]
	GetHandleVerifier [0x006E13A3+1081923]
	GetHandleVerifier [0x007DD9FD+2115741]
	Ordinal0 [0x0050B82E+1488942]
	Ordinal0 [0x004A5A7D+1071741]
	Ordinal0 [0x004A559B+1070491]
	Ordinal0 [0x004A54B1+1070257]
	Ordinal0 [0x004DFF53+1310547]
	BaseThreadInitThunk [0x75B6FA29+25]
	RtlGetAppContainerNamedObjectPath [0x77AA7A9E+286]
	RtlGetAppContainerNamedObjectPath [0x77AA7A6E+238]
<br/>LoginTest test finished</div></td></tr><tr><th>Exception</th></tr><tr><td><div class="stacktrace">org.openqa.selenium.SessionNotCreatedException: session not created: This version of ChromeDriver only supports Chrome version 89
Current browser version is 103.0.5060.66 with binary path C:\Program Files\Google\Chrome\Application\chrome.exe
Build info: version: &apos;3.141.59&apos;, revision: &apos;e82be7d358&apos;, time: &apos;2018-11-14T08:17:03&apos;
System info: host: &apos;DESKTOP-H972F70&apos;, ip: &apos;192.168.1.6&apos;, os.name: &apos;Windows 10&apos;, os.arch: &apos;amd64&apos;, os.version: &apos;10.0&apos;, java.version: &apos;16.0.1&apos;
Driver info: driver.version: ChromeDriver
remote stacktrace: Backtrace:
	Ordinal0 [0x003BE7D3+124883]
	Ordinal0 [0x003BE7B1+124849]
	GetHandleVerifier [0x00608688+193832]
	GetHandleVerifier [0x00623AC5+305509]
	GetHandleVerifier [0x0062021B+291003]
	GetHandleVerifier [0x0061E0AC+282444]
	GetHandleVerifier [0x00644A90+440624]
	GetHandleVerifier [0x006447FC+439964]
	GetHandleVerifier [0x0064154B+426987]
	GetHandleVerifier [0x00624FFD+310941]
	GetHandleVerifier [0x00625D8E+314414]
	GetHandleVerifier [0x00625D19+314297]
	GetHandleVerifier [0x006E31EC+1089676]
	GetHandleVerifier [0x006E17C9+1082985]
	GetHandleVerifier [0x006E13A3+1081923]
	GetHandleVerifier [0x007DD9FD+2115741]
	Ordinal0 [0x0050B82E+1488942]
	Ordinal0 [0x004A5A7D+1071741]
	Ordinal0 [0x004A559B+1070491]
	Ordinal0 [0x004A54B1+1070257]
	Ordinal0 [0x004DFF53+1310547]
	BaseThreadInitThunk [0x75B6FA29+25]
	RtlGetAppContainerNamedObjectPath [0x77AA7A9E+286]
	RtlGetAppContainerNamedObjectPath [0x77AA7A6E+238]

	at org.openqa.selenium.remote.W3CHandshakeResponse.lambda$errorHandler$0(W3CHandshakeResponse.java:62)
	at org.openqa.selenium.remote.HandshakeResponse.lambda$getResponseFunction$0(HandshakeResponse.java:30)
	at org.openqa.selenium.remote.ProtocolHandshake.lambda$createSession$0(ProtocolHandshake.java:126)
	at java.base/java.util.stream.ReferencePipeline$3$1.accept(ReferencePipeline.java:197)
	at java.base/java.util.Spliterators$ArraySpliterator.tryAdvance(Spliterators.java:958)
	at java.base/java.util.stream.ReferencePipeline.forEachWithCancel(ReferencePipeline.java:129)
	at java.base/java.util.stream.AbstractPipeline.copyIntoWithCancel(AbstractPipeline.java:502)
	at java.base/java.util.stream.AbstractPipeline.copyInto(AbstractPipeline.java:488)
	at java.base/java.util.stream.AbstractPipeline.wrapAndCopyInto(AbstractPipeline.java:474)
	at java.base/java.util.stream.FindOps$FindOp.evaluateSequential(FindOps.java:150)
	at java.base/java.util.stream.AbstractPipeline.evaluate(AbstractPipeline.java:234)
	at java.base/java.util.stream.ReferencePipeline.findFirst(ReferencePipeline.java:647)
	at org.openqa.selenium.remote.ProtocolHandshake.createSession(ProtocolHandshake.java:128)
	at org.openqa.selenium.remote.ProtocolHandshake.createSession(ProtocolHandshake.java:74)
	at org.openqa.selenium.remote.HttpCommandExecutor.execute(HttpCommandExecutor.java:136)
	at org.openqa.selenium.remote.service.DriverCommandExecutor.execute(DriverCommandExecutor.java:83)
	at org.openqa.selenium.remote.RemoteWebDriver.execute(RemoteWebDriver.java:552)
	at org.openqa.selenium.remote.RemoteWebDriver.startSession(RemoteWebDriver.java:213)
	at org.openqa.selenium.remote.RemoteWebDriver.&lt;init&gt;(RemoteWebDriver.java:131)
	at org.openqa.selenium.chrome.ChromeDriver.&lt;init&gt;(ChromeDriver.java:181)
	at org.openqa.selenium.chrome.ChromeDriver.&lt;init&gt;(ChromeDriver.java:168)
	at org.openqa.selenium.chrome.ChromeDriver.&lt;init&gt;(ChromeDriver.java:123)
	at com.jtaf.qa.base.BaseTest.setUpTest(BaseTest.java:48)
... Removed 33 stack frames</div></td></tr></table><p class="totop"><a href="#summary">back to summary</a></p>
</body>
</html>
