<?xml version="1.0" encoding="UTF-8"?>
<testng-results ignored="0" total="2" passed="0" failed="0" skipped="2">
  <reporter-output>
    <line>
      <![CDATA[LoginTest test started]]>
    </line>
    <line>
      <![CDATA[verifyLoginTest test skipped org.openqa.selenium.SessionNotCreatedException: session not created: This version of ChromeDriver only supports Chrome version 89
Current browser version is 103.0.5060.66 with binary path C:\Program Files\Google\Chrome\Application\chrome.exe
Build info: version: '3.141.59', revision: 'e82be7d358', time: '2018-11-14T08:17:03'
System info: host: 'DESKTOP-H972F70', ip: '192.168.1.6', os.name: 'Windows 10', os.arch: 'amd64', os.version: '10.0', java.version: '16.0.1'
Driver info: driver.version: ChromeDriver
remote stacktrace: Backtrace:
Ordinal0 [0x003BE7D3+124883]
Ordinal0 [0x003BE7B1+124849]
GetHandleVerifier [0x00608688+193832]
GetHandleVerifier [0x00623AC5+305509]
GetHandleVerifier [0x0062021B+291003]
GetHandleVerifier [0x0061E0AC+282444]
GetHandleVerifier [0x00644A90+440624]
GetHandleVerifier [0x006447FC+439964]
GetHandleVerifier [0x0064154B+426987]
GetHandleVerifier [0x00624FFD+310941]
GetHandleVerifier [0x00625D8E+314414]
GetHandleVerifier [0x00625D19+314297]
GetHandleVerifier [0x006E31EC+1089676]
GetHandleVerifier [0x006E17C9+1082985]
GetHandleVerifier [0x006E13A3+1081923]
GetHandleVerifier [0x007DD9FD+2115741]
Ordinal0 [0x0050B82E+1488942]
Ordinal0 [0x004A5A7D+1071741]
Ordinal0 [0x004A559B+1070491]
Ordinal0 [0x004A54B1+1070257]
Ordinal0 [0x004DFF53+1310547]
BaseThreadInitThunk [0x75B6FA29+25]
RtlGetAppContainerNamedObjectPath [0x77AA7A9E+286]
RtlGetAppContainerNamedObjectPath [0x77AA7A6E+238]
]]>
    </line>
    <line>
      <![CDATA[verifyLoginTestUsingExcelData test skipped org.openqa.selenium.SessionNotCreatedException: session not created: This version of ChromeDriver only supports Chrome version 89
Current browser version is 103.0.5060.66 with binary path C:\Program Files\Google\Chrome\Application\chrome.exe
Build info: version: '3.141.59', revision: 'e82be7d358', time: '2018-11-14T08:17:03'
System info: host: 'DESKTOP-H972F70', ip: '192.168.1.6', os.name: 'Windows 10', os.arch: 'amd64', os.version: '10.0', java.version: '16.0.1'
Driver info: driver.version: ChromeDriver
remote stacktrace: Backtrace:
Ordinal0 [0x003BE7D3+124883]
Ordinal0 [0x003BE7B1+124849]
GetHandleVerifier [0x00608688+193832]
GetHandleVerifier [0x00623AC5+305509]
GetHandleVerifier [0x0062021B+291003]
GetHandleVerifier [0x0061E0AC+282444]
GetHandleVerifier [0x00644A90+440624]
GetHandleVerifier [0x006447FC+439964]
GetHandleVerifier [0x0064154B+426987]
GetHandleVerifier [0x00624FFD+310941]
GetHandleVerifier [0x00625D8E+314414]
GetHandleVerifier [0x00625D19+314297]
GetHandleVerifier [0x006E31EC+1089676]
GetHandleVerifier [0x006E17C9+1082985]
GetHandleVerifier [0x006E13A3+1081923]
GetHandleVerifier [0x007DD9FD+2115741]
Ordinal0 [0x0050B82E+1488942]
Ordinal0 [0x004A5A7D+1071741]
Ordinal0 [0x004A559B+1070491]
Ordinal0 [0x004A54B1+1070257]
Ordinal0 [0x004DFF53+1310547]
BaseThreadInitThunk [0x75B6FA29+25]
RtlGetAppContainerNamedObjectPath [0x77AA7A9E+286]
RtlGetAppContainerNamedObjectPath [0x77AA7A6E+238]
]]>
    </line>
    <line>
      <![CDATA[LoginTest test finished]]>
    </line>
  </reporter-output>
  <suite started-at="2022-07-03T12:04:58Z" name="testNGSuite" finished-at="2022-07-03T12:05:03Z" duration-ms="4964">
    <groups>
    </groups>
    <test started-at="2022-07-03T12:04:58Z" name="LoginTest" finished-at="2022-07-03T12:05:03Z" duration-ms="4964">
      <class name="com.jtaf.qa.test.LoginPageTest">
        <test-method is-config="true" signature="init()[pri:0, instance:com.jtaf.qa.test.LoginPageTest@17497425]" started-at="2022-07-03T12:04:58Z" name="init" finished-at="2022-07-03T12:04:58Z" duration-ms="40" status="PASS">
          <reporter-output>
          </reporter-output>
        </test-method> <!-- init -->
        <test-method is-config="true" signature="setUpTest(java.lang.String)[pri:0, instance:com.jtaf.qa.test.LoginPageTest@17497425]" started-at="2022-07-03T12:04:58Z" name="setUpTest" finished-at="2022-07-03T12:05:01Z" duration-ms="3336" status="FAIL">
          <params>
            <param index="0">
              <value>
                <![CDATA[chrome]]>
              </value>
            </param>
          </params>
          <exception class="org.openqa.selenium.SessionNotCreatedException">
            <message>
              <![CDATA[session not created: This version of ChromeDriver only supports Chrome version 89
Current browser version is 103.0.5060.66 with binary path C:\Program Files\Google\Chrome\Application\chrome.exe
Build info: version: '3.141.59', revision: 'e82be7d358', time: '2018-11-14T08:17:03'
System info: host: 'DESKTOP-H972F70', ip: '192.168.1.6', os.name: 'Windows 10', os.arch: 'amd64', os.version: '10.0', java.version: '16.0.1'
Driver info: driver.version: ChromeDriver
remote stacktrace: Backtrace:
Ordinal0 [0x003BE7D3+124883]
Ordinal0 [0x003BE7B1+124849]
GetHandleVerifier [0x00608688+193832]
GetHandleVerifier [0x00623AC5+305509]
GetHandleVerifier [0x0062021B+291003]
GetHandleVerifier [0x0061E0AC+282444]
GetHandleVerifier [0x00644A90+440624]
GetHandleVerifier [0x006447FC+439964]
GetHandleVerifier [0x0064154B+426987]
GetHandleVerifier [0x00624FFD+310941]
GetHandleVerifier [0x00625D8E+314414]
GetHandleVerifier [0x00625D19+314297]
GetHandleVerifier [0x006E31EC+1089676]
GetHandleVerifier [0x006E17C9+1082985]
GetHandleVerifier [0x006E13A3+1081923]
GetHandleVerifier [0x007DD9FD+2115741]
Ordinal0 [0x0050B82E+1488942]
Ordinal0 [0x004A5A7D+1071741]
Ordinal0 [0x004A559B+1070491]
Ordinal0 [0x004A54B1+1070257]
Ordinal0 [0x004DFF53+1310547]
BaseThreadInitThunk [0x75B6FA29+25]
RtlGetAppContainerNamedObjectPath [0x77AA7A9E+286]
RtlGetAppContainerNamedObjectPath [0x77AA7A6E+238]
]]>
            </message>
            <full-stacktrace>
              <![CDATA[org.openqa.selenium.SessionNotCreatedException: session not created: This version of ChromeDriver only supports Chrome version 89
Current browser version is 103.0.5060.66 with binary path C:\Program Files\Google\Chrome\Application\chrome.exe
Build info: version: '3.141.59', revision: 'e82be7d358', time: '2018-11-14T08:17:03'
System info: host: 'DESKTOP-H972F70', ip: '192.168.1.6', os.name: 'Windows 10', os.arch: 'amd64', os.version: '10.0', java.version: '16.0.1'
Driver info: driver.version: ChromeDriver
remote stacktrace: Backtrace:
Ordinal0 [0x003BE7D3+124883]
Ordinal0 [0x003BE7B1+124849]
GetHandleVerifier [0x00608688+193832]
GetHandleVerifier [0x00623AC5+305509]
GetHandleVerifier [0x0062021B+291003]
GetHandleVerifier [0x0061E0AC+282444]
GetHandleVerifier [0x00644A90+440624]
GetHandleVerifier [0x006447FC+439964]
GetHandleVerifier [0x0064154B+426987]
GetHandleVerifier [0x00624FFD+310941]
GetHandleVerifier [0x00625D8E+314414]
GetHandleVerifier [0x00625D19+314297]
GetHandleVerifier [0x006E31EC+1089676]
GetHandleVerifier [0x006E17C9+1082985]
GetHandleVerifier [0x006E13A3+1081923]
GetHandleVerifier [0x007DD9FD+2115741]
Ordinal0 [0x0050B82E+1488942]
Ordinal0 [0x004A5A7D+1071741]
Ordinal0 [0x004A559B+1070491]
Ordinal0 [0x004A54B1+1070257]
Ordinal0 [0x004DFF53+1310547]
BaseThreadInitThunk [0x75B6FA29+25]
RtlGetAppContainerNamedObjectPath [0x77AA7A9E+286]
RtlGetAppContainerNamedObjectPath [0x77AA7A6E+238]

at java.base/jdk.internal.reflect.NativeConstructorAccessorImpl.newInstance0(Native Method)
at java.base/jdk.internal.reflect.NativeConstructorAccessorImpl.newInstance(NativeConstructorAccessorImpl.java:78)
at java.base/jdk.internal.reflect.DelegatingConstructorAccessorImpl.newInstance(DelegatingConstructorAccessorImpl.java:45)
at java.base/java.lang.reflect.Constructor.newInstanceWithCaller(Constructor.java:499)
at java.base/java.lang.reflect.Constructor.newInstance(Constructor.java:480)
at org.openqa.selenium.remote.W3CHandshakeResponse.lambda$errorHandler$0(W3CHandshakeResponse.java:62)
at org.openqa.selenium.remote.HandshakeResponse.lambda$getResponseFunction$0(HandshakeResponse.java:30)
at org.openqa.selenium.remote.ProtocolHandshake.lambda$createSession$0(ProtocolHandshake.java:126)
at java.base/java.util.stream.ReferencePipeline$3$1.accept(ReferencePipeline.java:197)
at java.base/java.util.Spliterators$ArraySpliterator.tryAdvance(Spliterators.java:958)
at java.base/java.util.stream.ReferencePipeline.forEachWithCancel(ReferencePipeline.java:129)
at java.base/java.util.stream.AbstractPipeline.copyIntoWithCancel(AbstractPipeline.java:502)
at java.base/java.util.stream.AbstractPipeline.copyInto(AbstractPipeline.java:488)
at java.base/java.util.stream.AbstractPipeline.wrapAndCopyInto(AbstractPipeline.java:474)
at java.base/java.util.stream.FindOps$FindOp.evaluateSequential(FindOps.java:150)
at java.base/java.util.stream.AbstractPipeline.evaluate(AbstractPipeline.java:234)
at java.base/java.util.stream.ReferencePipeline.findFirst(ReferencePipeline.java:647)
at org.openqa.selenium.remote.ProtocolHandshake.createSession(ProtocolHandshake.java:128)
at org.openqa.selenium.remote.ProtocolHandshake.createSession(ProtocolHandshake.java:74)
at org.openqa.selenium.remote.HttpCommandExecutor.execute(HttpCommandExecutor.java:136)
at org.openqa.selenium.remote.service.DriverCommandExecutor.execute(DriverCommandExecutor.java:83)
at org.openqa.selenium.remote.RemoteWebDriver.execute(RemoteWebDriver.java:552)
at org.openqa.selenium.remote.RemoteWebDriver.startSession(RemoteWebDriver.java:213)
at org.openqa.selenium.remote.RemoteWebDriver.<init>(RemoteWebDriver.java:131)
at org.openqa.selenium.chrome.ChromeDriver.<init>(ChromeDriver.java:181)
at org.openqa.selenium.chrome.ChromeDriver.<init>(ChromeDriver.java:168)
at org.openqa.selenium.chrome.ChromeDriver.<init>(ChromeDriver.java:123)
at com.jtaf.qa.base.BaseTest.setUpTest(BaseTest.java:48)
at java.base/jdk.internal.reflect.NativeMethodAccessorImpl.invoke0(Native Method)
at java.base/jdk.internal.reflect.NativeMethodAccessorImpl.invoke(NativeMethodAccessorImpl.java:78)
at java.base/jdk.internal.reflect.DelegatingMethodAccessorImpl.invoke(DelegatingMethodAccessorImpl.java:43)
at java.base/java.lang.reflect.Method.invoke(Method.java:567)
at org.testng.internal.MethodInvocationHelper.invokeMethod(MethodInvocationHelper.java:124)
at org.testng.internal.MethodInvocationHelper.invokeMethodConsideringTimeout(MethodInvocationHelper.java:59)
at org.testng.internal.Invoker.invokeConfigurationMethod(Invoker.java:458)
at org.testng.internal.Invoker.invokeConfigurations(Invoker.java:222)
at org.testng.internal.Invoker.invokeMethod(Invoker.java:523)
at org.testng.internal.Invoker.invokeTestMethod(Invoker.java:719)
at org.testng.internal.Invoker.invokeTestMethods(Invoker.java:989)
at org.testng.internal.TestMethodWorker.invokeTestMethods(TestMethodWorker.java:125)
at org.testng.internal.TestMethodWorker.run(TestMethodWorker.java:109)
at org.testng.TestRunner.privateRun(TestRunner.java:648)
at org.testng.TestRunner.run(TestRunner.java:505)
at org.testng.SuiteRunner.runTest(SuiteRunner.java:455)
at org.testng.SuiteRunner.runSequentially(SuiteRunner.java:450)
at org.testng.SuiteRunner.privateRun(SuiteRunner.java:415)
at org.testng.SuiteRunner.run(SuiteRunner.java:364)
at org.testng.SuiteRunnerWorker.runSuite(SuiteRunnerWorker.java:52)
at org.testng.SuiteRunnerWorker.run(SuiteRunnerWorker.java:84)
at org.testng.TestNG.runSuitesSequentially(TestNG.java:1208)
at org.testng.TestNG.runSuitesLocally(TestNG.java:1137)
at org.testng.TestNG.runSuites(TestNG.java:1049)
at org.testng.TestNG.run(TestNG.java:1017)
at org.testng.remote.AbstractRemoteTestNG.run(AbstractRemoteTestNG.java:115)
at org.testng.remote.RemoteTestNG.initAndRun(RemoteTestNG.java:251)
at org.testng.remote.RemoteTestNG.main(RemoteTestNG.java:77)
]]>
            </full-stacktrace>
          </exception> <!-- org.openqa.selenium.SessionNotCreatedException -->
          <reporter-output>
          </reporter-output>
        </test-method> <!-- setUpTest -->
        <test-method signature="verifyLoginTest()[pri:1, instance:com.jtaf.qa.test.LoginPageTest@17497425]" started-at="2022-07-03T12:05:01Z" name="verifyLoginTest" finished-at="2022-07-03T12:05:01Z" duration-ms="0" status="SKIP">
          <exception class="org.openqa.selenium.SessionNotCreatedException">
            <message>
              <![CDATA[session not created: This version of ChromeDriver only supports Chrome version 89
Current browser version is 103.0.5060.66 with binary path C:\Program Files\Google\Chrome\Application\chrome.exe
Build info: version: '3.141.59', revision: 'e82be7d358', time: '2018-11-14T08:17:03'
System info: host: 'DESKTOP-H972F70', ip: '192.168.1.6', os.name: 'Windows 10', os.arch: 'amd64', os.version: '10.0', java.version: '16.0.1'
Driver info: driver.version: ChromeDriver
remote stacktrace: Backtrace:
Ordinal0 [0x003BE7D3+124883]
Ordinal0 [0x003BE7B1+124849]
GetHandleVerifier [0x00608688+193832]
GetHandleVerifier [0x00623AC5+305509]
GetHandleVerifier [0x0062021B+291003]
GetHandleVerifier [0x0061E0AC+282444]
GetHandleVerifier [0x00644A90+440624]
GetHandleVerifier [0x006447FC+439964]
GetHandleVerifier [0x0064154B+426987]
GetHandleVerifier [0x00624FFD+310941]
GetHandleVerifier [0x00625D8E+314414]
GetHandleVerifier [0x00625D19+314297]
GetHandleVerifier [0x006E31EC+1089676]
GetHandleVerifier [0x006E17C9+1082985]
GetHandleVerifier [0x006E13A3+1081923]
GetHandleVerifier [0x007DD9FD+2115741]
Ordinal0 [0x0050B82E+1488942]
Ordinal0 [0x004A5A7D+1071741]
Ordinal0 [0x004A559B+1070491]
Ordinal0 [0x004A54B1+1070257]
Ordinal0 [0x004DFF53+1310547]
BaseThreadInitThunk [0x75B6FA29+25]
RtlGetAppContainerNamedObjectPath [0x77AA7A9E+286]
RtlGetAppContainerNamedObjectPath [0x77AA7A6E+238]
]]>
            </message>
            <full-stacktrace>
              <![CDATA[org.openqa.selenium.SessionNotCreatedException: session not created: This version of ChromeDriver only supports Chrome version 89
Current browser version is 103.0.5060.66 with binary path C:\Program Files\Google\Chrome\Application\chrome.exe
Build info: version: '3.141.59', revision: 'e82be7d358', time: '2018-11-14T08:17:03'
System info: host: 'DESKTOP-H972F70', ip: '192.168.1.6', os.name: 'Windows 10', os.arch: 'amd64', os.version: '10.0', java.version: '16.0.1'
Driver info: driver.version: ChromeDriver
remote stacktrace: Backtrace:
Ordinal0 [0x003BE7D3+124883]
Ordinal0 [0x003BE7B1+124849]
GetHandleVerifier [0x00608688+193832]
GetHandleVerifier [0x00623AC5+305509]
GetHandleVerifier [0x0062021B+291003]
GetHandleVerifier [0x0061E0AC+282444]
GetHandleVerifier [0x00644A90+440624]
GetHandleVerifier [0x006447FC+439964]
GetHandleVerifier [0x0064154B+426987]
GetHandleVerifier [0x00624FFD+310941]
GetHandleVerifier [0x00625D8E+314414]
GetHandleVerifier [0x00625D19+314297]
GetHandleVerifier [0x006E31EC+1089676]
GetHandleVerifier [0x006E17C9+1082985]
GetHandleVerifier [0x006E13A3+1081923]
GetHandleVerifier [0x007DD9FD+2115741]
Ordinal0 [0x0050B82E+1488942]
Ordinal0 [0x004A5A7D+1071741]
Ordinal0 [0x004A559B+1070491]
Ordinal0 [0x004A54B1+1070257]
Ordinal0 [0x004DFF53+1310547]
BaseThreadInitThunk [0x75B6FA29+25]
RtlGetAppContainerNamedObjectPath [0x77AA7A9E+286]
RtlGetAppContainerNamedObjectPath [0x77AA7A6E+238]

at java.base/jdk.internal.reflect.NativeConstructorAccessorImpl.newInstance0(Native Method)
at java.base/jdk.internal.reflect.NativeConstructorAccessorImpl.newInstance(NativeConstructorAccessorImpl.java:78)
at java.base/jdk.internal.reflect.DelegatingConstructorAccessorImpl.newInstance(DelegatingConstructorAccessorImpl.java:45)
at java.base/java.lang.reflect.Constructor.newInstanceWithCaller(Constructor.java:499)
at java.base/java.lang.reflect.Constructor.newInstance(Constructor.java:480)
at org.openqa.selenium.remote.W3CHandshakeResponse.lambda$errorHandler$0(W3CHandshakeResponse.java:62)
at org.openqa.selenium.remote.HandshakeResponse.lambda$getResponseFunction$0(HandshakeResponse.java:30)
at org.openqa.selenium.remote.ProtocolHandshake.lambda$createSession$0(ProtocolHandshake.java:126)
at java.base/java.util.stream.ReferencePipeline$3$1.accept(ReferencePipeline.java:197)
at java.base/java.util.Spliterators$ArraySpliterator.tryAdvance(Spliterators.java:958)
at java.base/java.util.stream.ReferencePipeline.forEachWithCancel(ReferencePipeline.java:129)
at java.base/java.util.stream.AbstractPipeline.copyIntoWithCancel(AbstractPipeline.java:502)
at java.base/java.util.stream.AbstractPipeline.copyInto(AbstractPipeline.java:488)
at java.base/java.util.stream.AbstractPipeline.wrapAndCopyInto(AbstractPipeline.java:474)
at java.base/java.util.stream.FindOps$FindOp.evaluateSequential(FindOps.java:150)
at java.base/java.util.stream.AbstractPipeline.evaluate(AbstractPipeline.java:234)
at java.base/java.util.stream.ReferencePipeline.findFirst(ReferencePipeline.java:647)
at org.openqa.selenium.remote.ProtocolHandshake.createSession(ProtocolHandshake.java:128)
at org.openqa.selenium.remote.ProtocolHandshake.createSession(ProtocolHandshake.java:74)
at org.openqa.selenium.remote.HttpCommandExecutor.execute(HttpCommandExecutor.java:136)
at org.openqa.selenium.remote.service.DriverCommandExecutor.execute(DriverCommandExecutor.java:83)
at org.openqa.selenium.remote.RemoteWebDriver.execute(RemoteWebDriver.java:552)
at org.openqa.selenium.remote.RemoteWebDriver.startSession(RemoteWebDriver.java:213)
at org.openqa.selenium.remote.RemoteWebDriver.<init>(RemoteWebDriver.java:131)
at org.openqa.selenium.chrome.ChromeDriver.<init>(ChromeDriver.java:181)
at org.openqa.selenium.chrome.ChromeDriver.<init>(ChromeDriver.java:168)
at org.openqa.selenium.chrome.ChromeDriver.<init>(ChromeDriver.java:123)
at com.jtaf.qa.base.BaseTest.setUpTest(BaseTest.java:48)
at java.base/jdk.internal.reflect.NativeMethodAccessorImpl.invoke0(Native Method)
at java.base/jdk.internal.reflect.NativeMethodAccessorImpl.invoke(NativeMethodAccessorImpl.java:78)
at java.base/jdk.internal.reflect.DelegatingMethodAccessorImpl.invoke(DelegatingMethodAccessorImpl.java:43)
at java.base/java.lang.reflect.Method.invoke(Method.java:567)
at org.testng.internal.MethodInvocationHelper.invokeMethod(MethodInvocationHelper.java:124)
at org.testng.internal.MethodInvocationHelper.invokeMethodConsideringTimeout(MethodInvocationHelper.java:59)
at org.testng.internal.Invoker.invokeConfigurationMethod(Invoker.java:458)
at org.testng.internal.Invoker.invokeConfigurations(Invoker.java:222)
at org.testng.internal.Invoker.invokeMethod(Invoker.java:523)
at org.testng.internal.Invoker.invokeTestMethod(Invoker.java:719)
at org.testng.internal.Invoker.invokeTestMethods(Invoker.java:989)
at org.testng.internal.TestMethodWorker.invokeTestMethods(TestMethodWorker.java:125)
at org.testng.internal.TestMethodWorker.run(TestMethodWorker.java:109)
at org.testng.TestRunner.privateRun(TestRunner.java:648)
at org.testng.TestRunner.run(TestRunner.java:505)
at org.testng.SuiteRunner.runTest(SuiteRunner.java:455)
at org.testng.SuiteRunner.runSequentially(SuiteRunner.java:450)
at org.testng.SuiteRunner.privateRun(SuiteRunner.java:415)
at org.testng.SuiteRunner.run(SuiteRunner.java:364)
at org.testng.SuiteRunnerWorker.runSuite(SuiteRunnerWorker.java:52)
at org.testng.SuiteRunnerWorker.run(SuiteRunnerWorker.java:84)
at org.testng.TestNG.runSuitesSequentially(TestNG.java:1208)
at org.testng.TestNG.runSuitesLocally(TestNG.java:1137)
at org.testng.TestNG.runSuites(TestNG.java:1049)
at org.testng.TestNG.run(TestNG.java:1017)
at org.testng.remote.AbstractRemoteTestNG.run(AbstractRemoteTestNG.java:115)
at org.testng.remote.RemoteTestNG.initAndRun(RemoteTestNG.java:251)
at org.testng.remote.RemoteTestNG.main(RemoteTestNG.java:77)
]]>
            </full-stacktrace>
          </exception> <!-- org.openqa.selenium.SessionNotCreatedException -->
          <reporter-output>
            <line>
              <![CDATA[verifyLoginTest test skipped org.openqa.selenium.SessionNotCreatedException: session not created: This version of ChromeDriver only supports Chrome version 89
Current browser version is 103.0.5060.66 with binary path C:\Program Files\Google\Chrome\Application\chrome.exe
Build info: version: '3.141.59', revision: 'e82be7d358', time: '2018-11-14T08:17:03'
System info: host: 'DESKTOP-H972F70', ip: '192.168.1.6', os.name: 'Windows 10', os.arch: 'amd64', os.version: '10.0', java.version: '16.0.1'
Driver info: driver.version: ChromeDriver
remote stacktrace: Backtrace:
Ordinal0 [0x003BE7D3+124883]
Ordinal0 [0x003BE7B1+124849]
GetHandleVerifier [0x00608688+193832]
GetHandleVerifier [0x00623AC5+305509]
GetHandleVerifier [0x0062021B+291003]
GetHandleVerifier [0x0061E0AC+282444]
GetHandleVerifier [0x00644A90+440624]
GetHandleVerifier [0x006447FC+439964]
GetHandleVerifier [0x0064154B+426987]
GetHandleVerifier [0x00624FFD+310941]
GetHandleVerifier [0x00625D8E+314414]
GetHandleVerifier [0x00625D19+314297]
GetHandleVerifier [0x006E31EC+1089676]
GetHandleVerifier [0x006E17C9+1082985]
GetHandleVerifier [0x006E13A3+1081923]
GetHandleVerifier [0x007DD9FD+2115741]
Ordinal0 [0x0050B82E+1488942]
Ordinal0 [0x004A5A7D+1071741]
Ordinal0 [0x004A559B+1070491]
Ordinal0 [0x004A54B1+1070257]
Ordinal0 [0x004DFF53+1310547]
BaseThreadInitThunk [0x75B6FA29+25]
RtlGetAppContainerNamedObjectPath [0x77AA7A9E+286]
RtlGetAppContainerNamedObjectPath [0x77AA7A6E+238]
]]>
            </line>
          </reporter-output>
        </test-method> <!-- verifyLoginTest -->
        <test-method is-config="true" signature="tearDown()[pri:0, instance:com.jtaf.qa.test.LoginPageTest@17497425]" started-at="2022-07-03T12:05:01Z" name="tearDown" finished-at="2022-07-03T12:05:01Z" duration-ms="0" status="SKIP">
          <reporter-output>
          </reporter-output>
        </test-method> <!-- tearDown -->
        <test-method is-config="true" signature="setUpTest(java.lang.String)[pri:0, instance:com.jtaf.qa.test.LoginPageTest@17497425]" started-at="2022-07-03T12:05:02Z" name="setUpTest" finished-at="2022-07-03T12:05:02Z" duration-ms="0" status="SKIP">
          <reporter-output>
          </reporter-output>
        </test-method> <!-- setUpTest -->
        <test-method signature="verifyLoginTestUsingExcelData(java.lang.String, java.lang.String)[pri:2, instance:com.jtaf.qa.test.LoginPageTest@17497425]" started-at="2022-07-03T12:05:02Z" name="verifyLoginTestUsingExcelData" data-provider="LoginData" finished-at="2022-07-03T12:05:02Z" duration-ms="0" status="SKIP">
          <exception class="org.openqa.selenium.SessionNotCreatedException">
            <message>
              <![CDATA[session not created: This version of ChromeDriver only supports Chrome version 89
Current browser version is 103.0.5060.66 with binary path C:\Program Files\Google\Chrome\Application\chrome.exe
Build info: version: '3.141.59', revision: 'e82be7d358', time: '2018-11-14T08:17:03'
System info: host: 'DESKTOP-H972F70', ip: '192.168.1.6', os.name: 'Windows 10', os.arch: 'amd64', os.version: '10.0', java.version: '16.0.1'
Driver info: driver.version: ChromeDriver
remote stacktrace: Backtrace:
Ordinal0 [0x003BE7D3+124883]
Ordinal0 [0x003BE7B1+124849]
GetHandleVerifier [0x00608688+193832]
GetHandleVerifier [0x00623AC5+305509]
GetHandleVerifier [0x0062021B+291003]
GetHandleVerifier [0x0061E0AC+282444]
GetHandleVerifier [0x00644A90+440624]
GetHandleVerifier [0x006447FC+439964]
GetHandleVerifier [0x0064154B+426987]
GetHandleVerifier [0x00624FFD+310941]
GetHandleVerifier [0x00625D8E+314414]
GetHandleVerifier [0x00625D19+314297]
GetHandleVerifier [0x006E31EC+1089676]
GetHandleVerifier [0x006E17C9+1082985]
GetHandleVerifier [0x006E13A3+1081923]
GetHandleVerifier [0x007DD9FD+2115741]
Ordinal0 [0x0050B82E+1488942]
Ordinal0 [0x004A5A7D+1071741]
Ordinal0 [0x004A559B+1070491]
Ordinal0 [0x004A54B1+1070257]
Ordinal0 [0x004DFF53+1310547]
BaseThreadInitThunk [0x75B6FA29+25]
RtlGetAppContainerNamedObjectPath [0x77AA7A9E+286]
RtlGetAppContainerNamedObjectPath [0x77AA7A6E+238]
]]>
            </message>
            <full-stacktrace>
              <![CDATA[org.openqa.selenium.SessionNotCreatedException: session not created: This version of ChromeDriver only supports Chrome version 89
Current browser version is 103.0.5060.66 with binary path C:\Program Files\Google\Chrome\Application\chrome.exe
Build info: version: '3.141.59', revision: 'e82be7d358', time: '2018-11-14T08:17:03'
System info: host: 'DESKTOP-H972F70', ip: '192.168.1.6', os.name: 'Windows 10', os.arch: 'amd64', os.version: '10.0', java.version: '16.0.1'
Driver info: driver.version: ChromeDriver
remote stacktrace: Backtrace:
Ordinal0 [0x003BE7D3+124883]
Ordinal0 [0x003BE7B1+124849]
GetHandleVerifier [0x00608688+193832]
GetHandleVerifier [0x00623AC5+305509]
GetHandleVerifier [0x0062021B+291003]
GetHandleVerifier [0x0061E0AC+282444]
GetHandleVerifier [0x00644A90+440624]
GetHandleVerifier [0x006447FC+439964]
GetHandleVerifier [0x0064154B+426987]
GetHandleVerifier [0x00624FFD+310941]
GetHandleVerifier [0x00625D8E+314414]
GetHandleVerifier [0x00625D19+314297]
GetHandleVerifier [0x006E31EC+1089676]
GetHandleVerifier [0x006E17C9+1082985]
GetHandleVerifier [0x006E13A3+1081923]
GetHandleVerifier [0x007DD9FD+2115741]
Ordinal0 [0x0050B82E+1488942]
Ordinal0 [0x004A5A7D+1071741]
Ordinal0 [0x004A559B+1070491]
Ordinal0 [0x004A54B1+1070257]
Ordinal0 [0x004DFF53+1310547]
BaseThreadInitThunk [0x75B6FA29+25]
RtlGetAppContainerNamedObjectPath [0x77AA7A9E+286]
RtlGetAppContainerNamedObjectPath [0x77AA7A6E+238]

at java.base/jdk.internal.reflect.NativeConstructorAccessorImpl.newInstance0(Native Method)
at java.base/jdk.internal.reflect.NativeConstructorAccessorImpl.newInstance(NativeConstructorAccessorImpl.java:78)
at java.base/jdk.internal.reflect.DelegatingConstructorAccessorImpl.newInstance(DelegatingConstructorAccessorImpl.java:45)
at java.base/java.lang.reflect.Constructor.newInstanceWithCaller(Constructor.java:499)
at java.base/java.lang.reflect.Constructor.newInstance(Constructor.java:480)
at org.openqa.selenium.remote.W3CHandshakeResponse.lambda$errorHandler$0(W3CHandshakeResponse.java:62)
at org.openqa.selenium.remote.HandshakeResponse.lambda$getResponseFunction$0(HandshakeResponse.java:30)
at org.openqa.selenium.remote.ProtocolHandshake.lambda$createSession$0(ProtocolHandshake.java:126)
at java.base/java.util.stream.ReferencePipeline$3$1.accept(ReferencePipeline.java:197)
at java.base/java.util.Spliterators$ArraySpliterator.tryAdvance(Spliterators.java:958)
at java.base/java.util.stream.ReferencePipeline.forEachWithCancel(ReferencePipeline.java:129)
at java.base/java.util.stream.AbstractPipeline.copyIntoWithCancel(AbstractPipeline.java:502)
at java.base/java.util.stream.AbstractPipeline.copyInto(AbstractPipeline.java:488)
at java.base/java.util.stream.AbstractPipeline.wrapAndCopyInto(AbstractPipeline.java:474)
at java.base/java.util.stream.FindOps$FindOp.evaluateSequential(FindOps.java:150)
at java.base/java.util.stream.AbstractPipeline.evaluate(AbstractPipeline.java:234)
at java.base/java.util.stream.ReferencePipeline.findFirst(ReferencePipeline.java:647)
at org.openqa.selenium.remote.ProtocolHandshake.createSession(ProtocolHandshake.java:128)
at org.openqa.selenium.remote.ProtocolHandshake.createSession(ProtocolHandshake.java:74)
at org.openqa.selenium.remote.HttpCommandExecutor.execute(HttpCommandExecutor.java:136)
at org.openqa.selenium.remote.service.DriverCommandExecutor.execute(DriverCommandExecutor.java:83)
at org.openqa.selenium.remote.RemoteWebDriver.execute(RemoteWebDriver.java:552)
at org.openqa.selenium.remote.RemoteWebDriver.startSession(RemoteWebDriver.java:213)
at org.openqa.selenium.remote.RemoteWebDriver.<init>(RemoteWebDriver.java:131)
at org.openqa.selenium.chrome.ChromeDriver.<init>(ChromeDriver.java:181)
at org.openqa.selenium.chrome.ChromeDriver.<init>(ChromeDriver.java:168)
at org.openqa.selenium.chrome.ChromeDriver.<init>(ChromeDriver.java:123)
at com.jtaf.qa.base.BaseTest.setUpTest(BaseTest.java:48)
at java.base/jdk.internal.reflect.NativeMethodAccessorImpl.invoke0(Native Method)
at java.base/jdk.internal.reflect.NativeMethodAccessorImpl.invoke(NativeMethodAccessorImpl.java:78)
at java.base/jdk.internal.reflect.DelegatingMethodAccessorImpl.invoke(DelegatingMethodAccessorImpl.java:43)
at java.base/java.lang.reflect.Method.invoke(Method.java:567)
at org.testng.internal.MethodInvocationHelper.invokeMethod(MethodInvocationHelper.java:124)
at org.testng.internal.MethodInvocationHelper.invokeMethodConsideringTimeout(MethodInvocationHelper.java:59)
at org.testng.internal.Invoker.invokeConfigurationMethod(Invoker.java:458)
at org.testng.internal.Invoker.invokeConfigurations(Invoker.java:222)
at org.testng.internal.Invoker.invokeMethod(Invoker.java:523)
at org.testng.internal.Invoker.invokeTestMethod(Invoker.java:719)
at org.testng.internal.Invoker.invokeTestMethods(Invoker.java:989)
at org.testng.internal.TestMethodWorker.invokeTestMethods(TestMethodWorker.java:125)
at org.testng.internal.TestMethodWorker.run(TestMethodWorker.java:109)
at org.testng.TestRunner.privateRun(TestRunner.java:648)
at org.testng.TestRunner.run(TestRunner.java:505)
at org.testng.SuiteRunner.runTest(SuiteRunner.java:455)
at org.testng.SuiteRunner.runSequentially(SuiteRunner.java:450)
at org.testng.SuiteRunner.privateRun(SuiteRunner.java:415)
at org.testng.SuiteRunner.run(SuiteRunner.java:364)
at org.testng.SuiteRunnerWorker.runSuite(SuiteRunnerWorker.java:52)
at org.testng.SuiteRunnerWorker.run(SuiteRunnerWorker.java:84)
at org.testng.TestNG.runSuitesSequentially(TestNG.java:1208)
at org.testng.TestNG.runSuitesLocally(TestNG.java:1137)
at org.testng.TestNG.runSuites(TestNG.java:1049)
at org.testng.TestNG.run(TestNG.java:1017)
at org.testng.remote.AbstractRemoteTestNG.run(AbstractRemoteTestNG.java:115)
at org.testng.remote.RemoteTestNG.initAndRun(RemoteTestNG.java:251)
at org.testng.remote.RemoteTestNG.main(RemoteTestNG.java:77)
]]>
            </full-stacktrace>
          </exception> <!-- org.openqa.selenium.SessionNotCreatedException -->
          <reporter-output>
            <line>
              <![CDATA[verifyLoginTestUsingExcelData test skipped org.openqa.selenium.SessionNotCreatedException: session not created: This version of ChromeDriver only supports Chrome version 89
Current browser version is 103.0.5060.66 with binary path C:\Program Files\Google\Chrome\Application\chrome.exe
Build info: version: '3.141.59', revision: 'e82be7d358', time: '2018-11-14T08:17:03'
System info: host: 'DESKTOP-H972F70', ip: '192.168.1.6', os.name: 'Windows 10', os.arch: 'amd64', os.version: '10.0', java.version: '16.0.1'
Driver info: driver.version: ChromeDriver
remote stacktrace: Backtrace:
Ordinal0 [0x003BE7D3+124883]
Ordinal0 [0x003BE7B1+124849]
GetHandleVerifier [0x00608688+193832]
GetHandleVerifier [0x00623AC5+305509]
GetHandleVerifier [0x0062021B+291003]
GetHandleVerifier [0x0061E0AC+282444]
GetHandleVerifier [0x00644A90+440624]
GetHandleVerifier [0x006447FC+439964]
GetHandleVerifier [0x0064154B+426987]
GetHandleVerifier [0x00624FFD+310941]
GetHandleVerifier [0x00625D8E+314414]
GetHandleVerifier [0x00625D19+314297]
GetHandleVerifier [0x006E31EC+1089676]
GetHandleVerifier [0x006E17C9+1082985]
GetHandleVerifier [0x006E13A3+1081923]
GetHandleVerifier [0x007DD9FD+2115741]
Ordinal0 [0x0050B82E+1488942]
Ordinal0 [0x004A5A7D+1071741]
Ordinal0 [0x004A559B+1070491]
Ordinal0 [0x004A54B1+1070257]
Ordinal0 [0x004DFF53+1310547]
BaseThreadInitThunk [0x75B6FA29+25]
RtlGetAppContainerNamedObjectPath [0x77AA7A9E+286]
RtlGetAppContainerNamedObjectPath [0x77AA7A6E+238]
]]>
            </line>
            <line>
              <![CDATA[LoginTest test finished]]>
            </line>
          </reporter-output>
        </test-method> <!-- verifyLoginTestUsingExcelData -->
        <test-method is-config="true" signature="tearDown()[pri:0, instance:com.jtaf.qa.test.LoginPageTest@17497425]" started-at="2022-07-03T12:05:03Z" name="tearDown" finished-at="2022-07-03T12:05:03Z" duration-ms="0" status="SKIP">
          <reporter-output>
          </reporter-output>
        </test-method> <!-- tearDown -->
        <test-method is-config="true" signature="exit()[pri:0, instance:com.jtaf.qa.test.LoginPageTest@17497425]" started-at="2022-07-03T12:05:03Z" name="exit" finished-at="2022-07-03T12:05:03Z" duration-ms="1" status="FAIL">
          <exception class="java.lang.NullPointerException">
            <message>
              <![CDATA[Cannot invoke "org.openqa.selenium.WebDriver.quit()" because "com.jtaf.qa.base.BaseTest.driver" is null]]>
            </message>
            <full-stacktrace>
              <![CDATA[java.lang.NullPointerException: Cannot invoke "org.openqa.selenium.WebDriver.quit()" because "com.jtaf.qa.base.BaseTest.driver" is null
at com.jtaf.qa.base.BaseTest.exit(BaseTest.java:73)
at java.base/jdk.internal.reflect.NativeMethodAccessorImpl.invoke0(Native Method)
at java.base/jdk.internal.reflect.NativeMethodAccessorImpl.invoke(NativeMethodAccessorImpl.java:78)
at java.base/jdk.internal.reflect.DelegatingMethodAccessorImpl.invoke(DelegatingMethodAccessorImpl.java:43)
at java.base/java.lang.reflect.Method.invoke(Method.java:567)
at org.testng.internal.MethodInvocationHelper.invokeMethod(MethodInvocationHelper.java:124)
at org.testng.internal.MethodInvocationHelper.invokeMethodConsideringTimeout(MethodInvocationHelper.java:59)
at org.testng.internal.Invoker.invokeConfigurationMethod(Invoker.java:458)
at org.testng.internal.Invoker.invokeConfigurations(Invoker.java:222)
at org.testng.internal.Invoker.invokeConfigurations(Invoker.java:142)
at org.testng.SuiteRunner.privateRun(SuiteRunner.java:425)
at org.testng.SuiteRunner.run(SuiteRunner.java:364)
at org.testng.SuiteRunnerWorker.runSuite(SuiteRunnerWorker.java:52)
at org.testng.SuiteRunnerWorker.run(SuiteRunnerWorker.java:84)
at org.testng.TestNG.runSuitesSequentially(TestNG.java:1208)
at org.testng.TestNG.runSuitesLocally(TestNG.java:1137)
at org.testng.TestNG.runSuites(TestNG.java:1049)
at org.testng.TestNG.run(TestNG.java:1017)
at org.testng.remote.AbstractRemoteTestNG.run(AbstractRemoteTestNG.java:115)
at org.testng.remote.RemoteTestNG.initAndRun(RemoteTestNG.java:251)
at org.testng.remote.RemoteTestNG.main(RemoteTestNG.java:77)
]]>
            </full-stacktrace>
          </exception> <!-- java.lang.NullPointerException -->
          <reporter-output>
          </reporter-output>
        </test-method> <!-- exit -->
      </class> <!-- com.jtaf.qa.test.LoginPageTest -->
    </test> <!-- LoginTest -->
  </suite> <!-- testNGSuite -->
</testng-results>
