<h2>Reporter output</h2><table><tr><td>LoginTest test started</td></tr>
<tr><td>verifyLoginTest test skipped org.openqa.selenium.SessionNotCreatedException: session not created: This version of ChromeDriver only supports Chrome version 89
Current browser version is 103.0.5060.66 with binary path C:\Program Files\Google\Chrome\Application\chrome.exe
Build info: version: '3.141.59', revision: 'e82be7d358', time: '2018-11-14T08:17:03'
System info: host: 'DESKTOP-H972F70', ip: '192.168.1.6', os.name: 'Windows 10', os.arch: 'amd64', os.version: '10.0', java.version: '16.0.1'
Driver info: driver.version: ChromeDriver
remote stacktrace: Backtrace:
	Ordinal0 [0x003BE7D3+124883]
	Ordinal0 [0x003BE7B1+124849]
	GetHandleVerifier [0x00608688+193832]
	GetHandleVerifier [0x00623AC5+305509]
	GetHandleVerifier [0x0062021B+291003]
	GetHandleVerifier [0x0061E0AC+282444]
	GetHandleVerifier [0x00644A90+440624]
	GetHandleVerifier [0x006447FC+439964]
	GetHandleVerifier [0x0064154B+426987]
	GetHandleVerifier [0x00624FFD+310941]
	GetHandleVerifier [0x00625D8E+314414]
	GetHandleVerifier [0x00625D19+314297]
	GetHandleVerifier [0x006E31EC+1089676]
	GetHandleVerifier [0x006E17C9+1082985]
	GetHandleVerifier [0x006E13A3+1081923]
	GetHandleVerifier [0x007DD9FD+2115741]
	Ordinal0 [0x0050B82E+1488942]
	Ordinal0 [0x004A5A7D+1071741]
	Ordinal0 [0x004A559B+1070491]
	Ordinal0 [0x004A54B1+1070257]
	Ordinal0 [0x004DFF53+1310547]
	BaseThreadInitThunk [0x75B6FA29+25]
	RtlGetAppContainerNamedObjectPath [0x77AA7A9E+286]
	RtlGetAppContainerNamedObjectPath [0x77AA7A6E+238]
</td></tr>
<tr><td>verifyLoginTestUsingExcelData test skipped org.openqa.selenium.SessionNotCreatedException: session not created: This version of ChromeDriver only supports Chrome version 89
Current browser version is 103.0.5060.66 with binary path C:\Program Files\Google\Chrome\Application\chrome.exe
Build info: version: '3.141.59', revision: 'e82be7d358', time: '2018-11-14T08:17:03'
System info: host: 'DESKTOP-H972F70', ip: '192.168.1.6', os.name: 'Windows 10', os.arch: 'amd64', os.version: '10.0', java.version: '16.0.1'
Driver info: driver.version: ChromeDriver
remote stacktrace: Backtrace:
	Ordinal0 [0x003BE7D3+124883]
	Ordinal0 [0x003BE7B1+124849]
	GetHandleVerifier [0x00608688+193832]
	GetHandleVerifier [0x00623AC5+305509]
	GetHandleVerifier [0x0062021B+291003]
	GetHandleVerifier [0x0061E0AC+282444]
	GetHandleVerifier [0x00644A90+440624]
	GetHandleVerifier [0x006447FC+439964]
	GetHandleVerifier [0x0064154B+426987]
	GetHandleVerifier [0x00624FFD+310941]
	GetHandleVerifier [0x00625D8E+314414]
	GetHandleVerifier [0x00625D19+314297]
	GetHandleVerifier [0x006E31EC+1089676]
	GetHandleVerifier [0x006E17C9+1082985]
	GetHandleVerifier [0x006E13A3+1081923]
	GetHandleVerifier [0x007DD9FD+2115741]
	Ordinal0 [0x0050B82E+1488942]
	Ordinal0 [0x004A5A7D+1071741]
	Ordinal0 [0x004A559B+1070491]
	Ordinal0 [0x004A54B1+1070257]
	Ordinal0 [0x004DFF53+1310547]
	BaseThreadInitThunk [0x75B6FA29+25]
	RtlGetAppContainerNamedObjectPath [0x77AA7A9E+286]
	RtlGetAppContainerNamedObjectPath [0x77AA7A6E+238]
</td></tr>
<tr><td>LoginTest test finished</td></tr>
</table>